[debug] [2024-05-19T18:24:31.501Z] ----------------------------------------------------------------------
[debug] [2024-05-19T18:24:31.503Z] Command:       C:\Program Files\nodejs\node.exe C:\Users\saook\AppData\Roaming\npm\node_modules\firebase-tools\lib\bin\firebase.js init
[debug] [2024-05-19T18:24:31.503Z] CLI Version:   13.9.0
[debug] [2024-05-19T18:24:31.503Z] Platform:      win32
[debug] [2024-05-19T18:24:31.503Z] Node Version:  v18.13.0
[debug] [2024-05-19T18:24:31.504Z] Time:          Sun May 19 2024 20:24:31 GMT+0200 (Srednjeevropski poletni Äas)
[debug] [2024-05-19T18:24:31.505Z] ----------------------------------------------------------------------
[debug] 
[debug] [2024-05-19T18:24:31.508Z] >>> [apiv2][query] GET https://firebase-public.firebaseio.com/cli.json [none]
[debug] [2024-05-19T18:24:31.552Z] > command requires scopes: ["email","openid","https://www.googleapis.com/auth/cloudplatformprojects.readonly","https://www.googleapis.com/auth/firebase","https://www.googleapis.com/auth/cloud-platform"]
[debug] [2024-05-19T18:24:31.553Z] > authorizing via signed-in user (krepek.saso1@gmail.com)
[info] 
     ######## #### ########  ######## ########     ###     ######  ########
     ##        ##  ##     ## ##       ##     ##  ##   ##  ##       ##
     ######    ##  ########  ######   ########  #########  ######  ######
     ##        ##  ##    ##  ##       ##     ## ##     ##       ## ##
     ##       #### ##     ## ######## ########  ##     ##  ######  ########

You're about to initialize a Firebase project in this directory:

  C:\Users\saook\OneDrive\Desktop\Work\PROJEKT-finale\Delovna-prisotnost\projektna

[debug] [2024-05-19T18:24:31.922Z] <<< [apiv2][status] GET https://firebase-public.firebaseio.com/cli.json 200
[debug] [2024-05-19T18:24:31.923Z] <<< [apiv2][body] GET https://firebase-public.firebaseio.com/cli.json {"cloudBuildErrorAfter":1594252800000,"cloudBuildWarnAfter":1590019200000,"defaultNode10After":1594252800000,"minVersion":"3.0.5","node8DeploysDisabledAfter":1613390400000,"node8RuntimeDisabledAfter":1615809600000,"node8WarnAfter":1600128000000}
